<?xml version="1.0" encoding="UTF-8"?>
<!-- Generated by org.testng.reporters.JUnitXMLReporter -->
<testsuite ignored="0" hostname="DESKTOP-CRPCMGG" failures="0" tests="7" name="Test" time="4.905" errors="0" timestamp="2024-06-01T09:39:30 CDT">
  <testcase classname="CrudTest" name="Create" time="3.434"/>
  <testcase classname="CrudTest" name="CreateAndDelete" time="0.095"/>
  <testcase classname="CrudTest" name="CreateAndUpdate" time="0.102"/>
  <testcase classname="CrudTest" name="retriveTest" time="0.112"/>
  <testcase classname="PostmanTest" name="postManTesting" time="0.246"/>
  <testcase classname="PostmanTest" name="postManTesting2" time="0.362"/>
  <testcase classname="PostmanTest" name="postManTesting3" time="0.362"/>
</testsuite> <!-- Test -->
