<?xml version="1.0" encoding="UTF-8"?>
<!-- Generated by org.testng.reporters.JUnitXMLReporter -->
<testsuite ignored="0" hostname="DESKTOP-CRPCMGG" failures="0" tests="11" name="Test" time="5.132" errors="0" timestamp="2024-08-24T23:26:41 CDT">
  <testcase classname="CrudTest" name="afterRetrieveCrud" time="3.134"/>
  <testcase classname="CrudTest" name="create" time="0.369"/>
  <testcase classname="CrudTest" name="createAnddeleteCrud" time="0.066"/>
  <testcase classname="CrudTest" name="createCrud" time="0.031"/>
  <testcase classname="CrudTest" name="createMoreCrud" time="0.043"/>
  <testcase classname="CrudTest" name="updateCrud" time="0.055"/>
  <testcase classname="PostmanTest" name="postManTesting" time="0.322"/>
  <testcase classname="PostmanTest" name="postManTesting2" time="0.441"/>
  <testcase classname="PostmanTest" name="postManTesting3" time="0.359"/>
  <testcase classname="AugustTesting.NewAPITest" name="checkThomas" time="0.059"/>
  <testcase classname="AugustTesting.NewAPITest" name="employee" time="0.054"/>
</testsuite> <!-- Test -->
