<?xml version="1.0" encoding="UTF-8"?>
<testsuite xmlns:xsi="http://www.w3.org/2001/XMLSchema-instance" xsi:noNamespaceSchemaLocation="https://maven.apache.org/surefire/maven-surefire-plugin/xsd/surefire-test-report-3.0.xsd" version="3.0" name="TestSuite" time="8.246" tests="7" errors="0" skipped="0" failures="0">
  <properties>
[...]
</properties>
  <testcase name="afterRetrieveCrud" classname="CrudTest" time="4.354"/>
  <testcase name="createAnddeleteCrud" classname="CrudTest" time="0.473"/>
  <testcase name="createCrud" classname="CrudTest" time="0.062"/>
  <testcase name="updateCrud" classname="CrudTest" time="0.085"/>
  <testcase name="postManTesting" classname="PostmanTest" time="0.307"/>
  <testcase name="postManTesting2" classname="PostmanTest" time="0.366"/>
  <testcase name="postManTesting3" classname="PostmanTest" time="0.416"/>
</testsuite>