<?xml version="1.0" encoding="UTF-8"?>
<testng-results ignored="0" total="15" passed="15" failed="0" skipped="0">
  <reporter-output>
  </reporter-output>
  <suite started-at="2024-08-26T11:18:17 CDT" name="Suite" finished-at="2024-08-26T11:18:24 CDT" duration-ms="6935">
    <groups>
    </groups>
    <test started-at="2024-08-26T11:18:17 CDT" name="Test" finished-at="2024-08-26T11:18:24 CDT" duration-ms="6911">
      <class name="CrudTest">
        <test-method signature="afterRetrieveCrud()[pri:0, instance:CrudTest@378bd86d]" started-at="2024-08-26T11:18:17 CDT" name="afterRetrieveCrud" finished-at="2024-08-26T11:18:20 CDT" duration-ms="3520" status="PASS">
          <reporter-output>
          </reporter-output>
        </test-method> <!-- afterRetrieveCrud -->
        <test-method signature="create()[pri:0, instance:CrudTest@378bd86d]" started-at="2024-08-26T11:18:20 CDT" name="create" finished-at="2024-08-26T11:18:21 CDT" duration-ms="843" status="PASS">
          <reporter-output>
          </reporter-output>
        </test-method> <!-- create -->
        <test-method signature="createAnddeleteCrud()[pri:0, instance:CrudTest@378bd86d]" started-at="2024-08-26T11:18:21 CDT" name="createAnddeleteCrud" finished-at="2024-08-26T11:18:21 CDT" duration-ms="69" status="PASS">
          <reporter-output>
          </reporter-output>
        </test-method> <!-- createAnddeleteCrud -->
        <test-method signature="createCrud()[pri:0, instance:CrudTest@378bd86d]" started-at="2024-08-26T11:18:21 CDT" name="createCrud" finished-at="2024-08-26T11:18:21 CDT" duration-ms="26" status="PASS">
          <reporter-output>
          </reporter-output>
        </test-method> <!-- createCrud -->
        <test-method signature="createMoreCrud()[pri:0, instance:CrudTest@378bd86d]" started-at="2024-08-26T11:18:21 CDT" name="createMoreCrud" finished-at="2024-08-26T11:18:21 CDT" duration-ms="54" status="PASS">
          <reporter-output>
          </reporter-output>
        </test-method> <!-- createMoreCrud -->
        <test-method signature="updateCrud()[pri:0, instance:CrudTest@378bd86d]" started-at="2024-08-26T11:18:21 CDT" name="updateCrud" finished-at="2024-08-26T11:18:22 CDT" duration-ms="82" status="PASS">
          <reporter-output>
          </reporter-output>
        </test-method> <!-- updateCrud -->
      </class> <!-- CrudTest -->
      <class name="PostmanTest">
        <test-method signature="postManTesting()[pri:0, instance:PostmanTest@2189e7a7]" started-at="2024-08-26T11:18:22 CDT" name="postManTesting" finished-at="2024-08-26T11:18:22 CDT" duration-ms="349" status="PASS">
          <reporter-output>
          </reporter-output>
        </test-method> <!-- postManTesting -->
        <test-method signature="postManTesting2()[pri:0, instance:PostmanTest@2189e7a7]" started-at="2024-08-26T11:18:22 CDT" name="postManTesting2" finished-at="2024-08-26T11:18:22 CDT" duration-ms="437" status="PASS">
          <reporter-output>
          </reporter-output>
        </test-method> <!-- postManTesting2 -->
        <test-method signature="postManTesting3()[pri:0, instance:PostmanTest@2189e7a7]" started-at="2024-08-26T11:18:22 CDT" name="postManTesting3" finished-at="2024-08-26T11:18:23 CDT" duration-ms="385" status="PASS">
          <reporter-output>
          </reporter-output>
        </test-method> <!-- postManTesting3 -->
      </class> <!-- PostmanTest -->
      <class name="AugustTesting.NewAPITest">
        <test-method signature="checkThomas()[pri:0, instance:AugustTesting.NewAPITest@69b2f8e5]" started-at="2024-08-26T11:18:23 CDT" name="checkThomas" finished-at="2024-08-26T11:18:23 CDT" duration-ms="68" status="PASS">
          <reporter-output>
          </reporter-output>
        </test-method> <!-- checkThomas -->
        <test-method signature="employee(java.lang.String, java.lang.Double)[pri:0, instance:AugustTesting.NewAPITest@69b2f8e5]" started-at="2024-08-26T11:18:23 CDT" name="employee" data-provider="test1" finished-at="2024-08-26T11:18:23 CDT" duration-ms="77" status="PASS">
          <params>
            <param index="0">
              <value>
                <![CDATA[John]]>
              </value>
            </param>
            <param index="1">
              <value>
                <![CDATA[100.1]]>
              </value>
            </param>
          </params>
          <reporter-output>
          </reporter-output>
        </test-method> <!-- employee -->
        <test-method signature="employee(java.lang.String, java.lang.Double)[pri:0, instance:AugustTesting.NewAPITest@69b2f8e5]" started-at="2024-08-26T11:18:23 CDT" name="employee" data-provider="test1" finished-at="2024-08-26T11:18:23 CDT" duration-ms="53" status="PASS">
          <params>
            <param index="0">
              <value>
                <![CDATA[Tom]]>
              </value>
            </param>
            <param index="1">
              <value>
                <![CDATA[600.1]]>
              </value>
            </param>
          </params>
          <reporter-output>
          </reporter-output>
        </test-method> <!-- employee -->
      </class> <!-- AugustTesting.NewAPITest -->
      <class name="AugustTesting.UserAPI">
        <test-method signature="employee(java.lang.String, java.lang.String)[pri:0, instance:AugustTesting.UserAPI@6331250e]" started-at="2024-08-26T11:18:23 CDT" name="employee" data-provider="test1" finished-at="2024-08-26T11:18:23 CDT" duration-ms="216" status="PASS">
          <params>
            <param index="0">
              <value>
                <![CDATA[John]]>
              </value>
            </param>
            <param index="1">
              <value>
                <![CDATA[Manager]]>
              </value>
            </param>
          </params>
          <reporter-output>
          </reporter-output>
        </test-method> <!-- employee -->
        <test-method signature="employee(java.lang.String, java.lang.String)[pri:0, instance:AugustTesting.UserAPI@6331250e]" started-at="2024-08-26T11:18:23 CDT" name="employee" data-provider="test1" finished-at="2024-08-26T11:18:23 CDT" duration-ms="252" status="PASS">
          <params>
            <param index="0">
              <value>
                <![CDATA[Tom]]>
              </value>
            </param>
            <param index="1">
              <value>
                <![CDATA[Testing]]>
              </value>
            </param>
          </params>
          <reporter-output>
          </reporter-output>
        </test-method> <!-- employee -->
        <test-method signature="logIn()[pri:0, instance:AugustTesting.UserAPI@6331250e]" started-at="2024-08-26T11:18:23 CDT" name="logIn" finished-at="2024-08-26T11:18:24 CDT" duration-ms="231" status="PASS">
          <reporter-output>
          </reporter-output>
        </test-method> <!-- logIn -->
      </class> <!-- AugustTesting.UserAPI -->
    </test> <!-- Test -->
    <test started-at="2024-08-26T11:18:24 CDT" name="test1" finished-at="2024-08-26T11:18:24 CDT" duration-ms="0">
    </test> <!-- test1 -->
  </suite> <!-- Suite -->
</testng-results>
