<?xml version="1.0" encoding="UTF-8"?>
<testsuite xmlns:xsi="http://www.w3.org/2001/XMLSchema-instance" xsi:noNamespaceSchemaLocation="https://maven.apache.org/surefire/maven-surefire-plugin/xsd/surefire-test-report-3.0.xsd" version="3.0" name="TestSuite" time="8.463" tests="15" errors="0" skipped="0" failures="0">
  <properties>
[...]
</properties>
  <testcase name="afterRetrieveCrud" classname="CrudTest" time="3.339"/>
  <testcase name="create" classname="CrudTest" time="1.081"/>
  <testcase name="createAnddeleteCrud" classname="CrudTest" time="0.087"/>
  <testcase name="createCrud" classname="CrudTest" time="0.037"/>
  <testcase name="createMoreCrud" classname="CrudTest" time="0.042"/>
  <testcase name="updateCrud" classname="CrudTest" time="0.084"/>
  <testcase name="postManTesting" classname="PostmanTest" time="0.274"/>
  <testcase name="postManTesting2" classname="PostmanTest" time="0.415"/>
  <testcase name="postManTesting3" classname="PostmanTest" time="0.381"/>
  <testcase name="checkThomas" classname="devtesting.NewAPITest" time="0.067"/>
  <testcase name="employee" classname="devtesting.NewAPITest" time="0.069"/>
  <testcase name="employee" classname="devtesting.NewAPITest" time="0.041"/>
  <testcase name="employee" classname="devtesting.UserAPI" time="0.243"/>
  <testcase name="employee" classname="devtesting.UserAPI" time="0.213"/>
  <testcase name="logIn" classname="devtesting.UserAPI" time="0.203"/>
</testsuite>